  FeatureDetector.cpp
D:\Toolkit\OpenCV\opencv\build\include\opencv2\calib3d.hpp(1,1): warning C4819: The file contains a character that cannot be represented in the current code page (950). Save the file in Unicode format to prevent data loss
E:\assignment\VFX\Image-Stitching\Image-Stitching\FeatureDetector.cpp(128,53): warning C4244: '=': conversion from 'float' to '_Tp', possible loss of data
          with
          [
              _Tp=uchar
          ]
E:\assignment\VFX\Image-Stitching\Image-Stitching\FeatureDetector.cpp(136,53): warning C4244: '=': conversion from 'float' to '_Tp', possible loss of data
          with
          [
              _Tp=uchar
          ]
E:\assignment\VFX\Image-Stitching\Image-Stitching\FeatureDetector.cpp(149,53): warning C4244: '=': conversion from 'float' to '_Tp', possible loss of data
          with
          [
              _Tp=uchar
          ]
E:\assignment\VFX\Image-Stitching\Image-Stitching\FeatureDetector.cpp(156,70): warning C4244: '=': conversion from 'float' to '_Tp', possible loss of data
          with
          [
              _Tp=uchar
          ]
E:\assignment\VFX\Image-Stitching\Image-Stitching\FeatureDetector.cpp(163,70): warning C4244: '=': conversion from 'float' to '_Tp', possible loss of data
          with
          [
              _Tp=uchar
          ]
E:\assignment\VFX\Image-Stitching\Image-Stitching\FeatureDetector.cpp(213,57): warning C4305: '=': truncation from 'int' to '_Tp'
          with
          [
              _Tp=uchar
          ]
E:\assignment\VFX\Image-Stitching\Image-Stitching\FeatureDetector.cpp(213,52): warning C4309: '=': truncation of constant value
E:\assignment\VFX\Image-Stitching\Image-Stitching\FeatureDetector.cpp(216,52): warning C4244: '=': conversion from 'double' to '_Tp', possible loss of data
          with
          [
              _Tp=uchar
          ]
E:\assignment\VFX\Image-Stitching\Image-Stitching\FeatureDetector.cpp(243,55): warning C4244: '=': conversion from 'double' to '_Tp', possible loss of data
          with
          [
              _Tp=char
          ]
E:\assignment\VFX\Image-Stitching\Image-Stitching\FeatureDetector.cpp(315,46): warning C4838: conversion from '_Tp' to 'float' requires a narrowing conversion
          with
          [
              _Tp=uchar
          ]
E:\assignment\VFX\Image-Stitching\Image-Stitching\FeatureDetector.cpp(315,81): warning C4838: conversion from '_Tp' to 'float' requires a narrowing conversion
          with
          [
              _Tp=uchar
          ]
E:\assignment\VFX\Image-Stitching\Image-Stitching\FeatureDetector.cpp(316,47): warning C4838: conversion from '_Tp' to 'float' requires a narrowing conversion
          with
          [
              _Tp=uchar
          ]
E:\assignment\VFX\Image-Stitching\Image-Stitching\FeatureDetector.cpp(316,82): warning C4838: conversion from '_Tp' to 'float' requires a narrowing conversion
          with
          [
              _Tp=uchar
          ]
E:\assignment\VFX\Image-Stitching\Image-Stitching\FeatureDetector.cpp(320,40): warning C4838: conversion from '_Tp' to 'float' requires a narrowing conversion
          with
          [
              _Tp=uchar
          ]
E:\assignment\VFX\Image-Stitching\Image-Stitching\FeatureDetector.cpp(320,74): warning C4838: conversion from '_Tp' to 'float' requires a narrowing conversion
          with
          [
              _Tp=uchar
          ]
  main.cpp
D:\Toolkit\OpenCV\opencv\build\include\opencv2\calib3d.hpp(1,1): warning C4819: The file contains a character that cannot be represented in the current code page (950). Save the file in Unicode format to prevent data loss
  Generating Code...
  Image-Stitching.vcxproj -> E:\assignment\VFX\Image-Stitching\x64\Debug\Image-Stitching.exe
